# JRE version: Java(TM) SE Runtime Environment (8.0_91-b15) (build 1.8.0_91-b15)
# Java VM: Java HotSpot(TM) 64-Bit Server VM (25.91-b15 mixed mode windows-amd64 compressed oops)
Heap:
 PSYoungGen      total 267264K, used 17741K [0x00000000eab00000, 0x0000000100000000, 0x0000000100000000)
  eden space 208896K, 5% used [0x00000000eab00000,0x00000000eb5850a0,0x00000000f7700000)
  from space 58368K, 11% used [0x00000000fc700000,0x00000000fcdce4d0,0x0000000100000000)
  to   space 70144K, 0% used [0x00000000f7700000,0x00000000f7700000,0x00000000fbb80000)
 ParOldGen       total 357376K, used 237505K [0x00000000c0000000, 0x00000000d5d00000, 0x00000000eab00000)
  object space 357376K, 66% used [0x00000000c0000000,0x00000000ce7f07a8,0x00000000d5d00000)
 Metaspace       used 6945K, capacity 7608K, committed 7936K, reserved 1056768K
  class space    used 646K, capacity 688K, committed 768K, reserved 1048576K
GC Heap History (10 events):
Event: 50.877 GC heap before
{Heap before GC invocations=16 (full 2):
 PSYoungGen      total 263680K, used 263659K [0x00000000eab00000, 0x0000000100000000, 0x0000000100000000)
  eden space 224768K, 100% used [0x00000000eab00000,0x00000000f8680000,0x00000000f8680000)
  from space 38912K, 99% used [0x00000000f8680000,0x00000000fac7af98,0x00000000fac80000)
  to   space 54784K, 0% used [0x00000000fca80000,0x00000000fca80000,0x0000000100000000)
 ParOldGen       total 138240K, used 111319K [0x00000000c0000000, 0x00000000c8700000, 0x00000000eab00000)
  object space 138240K, 80% used [0x00000000c0000000,0x00000000c6cb5f98,0x00000000c8700000)
 Metaspace       used 6595K, capacity 7256K, committed 7424K, reserved 1056768K
  class space    used 627K, capacity 656K, committed 768K, reserved 1048576K
Event: 52.308 GC heap after
Heap after GC invocations=16 (full 2):
 PSYoungGen      total 287232K, used 38266K [0x00000000eab00000, 0x0000000100000000, 0x0000000100000000)
  eden space 232448K, 0% used [0x00000000eab00000,0x00000000eab00000,0x00000000f8e00000)
  from space 54784K, 69% used [0x00000000fca80000,0x00000000fefdeae8,0x0000000100000000)
  to   space 58368K, 0% used [0x00000000f8e00000,0x00000000f8e00000,0x00000000fc700000)
 ParOldGen       total 150528K, used 150406K [0x00000000c0000000, 0x00000000c9300000, 0x00000000eab00000)
  object space 150528K, 99% used [0x00000000c0000000,0x00000000c92e1870,0x00000000c9300000)
 Metaspace       used 6595K, capacity 7256K, committed 7424K, reserved 1056768K
  class space    used 627K, capacity 656K, committed 768K, reserved 1048576K
}
Event: 52.343 GC heap before
{Heap before GC invocations=17 (full 3):
 PSYoungGen      total 287232K, used 38266K [0x00000000eab00000, 0x0000000100000000, 0x0000000100000000)
  eden space 232448K, 0% used [0x00000000eab00000,0x00000000eab00000,0x00000000f8e00000)
  from space 54784K, 69% used [0x00000000fca80000,0x00000000fefdeae8,0x0000000100000000)
  to   space 58368K, 0% used [0x00000000f8e00000,0x00000000f8e00000,0x00000000fc700000)
 ParOldGen       total 150528K, used 150406K [0x00000000c0000000, 0x00000000c9300000, 0x00000000eab00000)
  object space 150528K, 99% used [0x00000000c0000000,0x00000000c92e1870,0x00000000c9300000)
 Metaspace       used 6595K, capacity 7256K, committed 7424K, reserved 1056768K
  class space    used 627K, capacity 656K, committed 768K, reserved 1048576K
Event: 59.946 GC heap after
Heap after GC invocations=17 (full 3):
 PSYoungGen      total 287232K, used 36375K [0x00000000eab00000, 0x0000000100000000, 0x0000000100000000)
  eden space 232448K, 0% used [0x00000000eab00000,0x00000000eab00000,0x00000000f8e00000)
  from space 54784K, 66% used [0x00000000fca80000,0x00000000fee05ed0,0x0000000100000000)
  to   space 58368K, 0% used [0x00000000f8e00000,0x00000000f8e00000,0x00000000fc700000)
 ParOldGen       total 237568K, used 150071K [0x00000000c0000000, 0x00000000ce800000, 0x00000000eab00000)
  object space 237568K, 63% used [0x00000000c0000000,0x00000000c928dd20,0x00000000ce800000)
 Metaspace       used 6595K, capacity 7256K, committed 7424K, reserved 1056768K
  class space    used 627K, capacity 656K, committed 768K, reserved 1048576K
}
Event: 63.592 GC heap before
{Heap before GC invocations=18 (full 3):
 PSYoungGen      total 287232K, used 268823K [0x00000000eab00000, 0x0000000100000000, 0x0000000100000000)
  eden space 232448K, 100% used [0x00000000eab00000,0x00000000f8e00000,0x00000000f8e00000)
  from space 54784K, 66% used [0x00000000fca80000,0x00000000fee05ed0,0x0000000100000000)
  to   space 58368K, 0% used [0x00000000f8e00000,0x00000000f8e00000,0x00000000fc700000)
 ParOldGen       total 237568K, used 150071K [0x00000000c0000000, 0x00000000ce800000, 0x00000000eab00000)
  object space 237568K, 63% used [0x00000000c0000000,0x00000000c928dd20,0x00000000ce800000)
 Metaspace       used 6603K, capacity 7320K, committed 7680K, reserved 1056768K
  class space    used 627K, capacity 656K, committed 768K, reserved 1048576K
Event: 64.073 GC heap after
Heap after GC invocations=18 (full 3):
 PSYoungGen      total 290816K, used 58354K [0x00000000eab00000, 0x0000000100000000, 0x0000000100000000)
  eden space 232448K, 0% used [0x00000000eab00000,0x00000000eab00000,0x00000000f8e00000)
  from space 58368K, 99% used [0x00000000f8e00000,0x00000000fc6fc9d0,0x00000000fc700000)
  to   space 58368K, 0% used [0x00000000fc700000,0x00000000fc700000,0x0000000100000000)
 ParOldGen       total 237568K, used 160517K [0x00000000c0000000, 0x00000000ce800000, 0x00000000eab00000)
  object space 237568K, 67% used [0x00000000c0000000,0x00000000c9cc1598,0x00000000ce800000)
 Metaspace       used 6603K, capacity 7320K, committed 7680K, reserved 1056768K
  class space    used 627K, capacity 656K, committed 768K, reserved 1048576K
}
Event: 66.861 GC heap before
{Heap before GC invocations=19 (full 3):
 PSYoungGen      total 290816K, used 290802K [0x00000000eab00000, 0x0000000100000000, 0x0000000100000000)
  eden space 232448K, 100% used [0x00000000eab00000,0x00000000f8e00000,0x00000000f8e00000)
  from space 58368K, 99% used [0x00000000f8e00000,0x00000000fc6fc9d0,0x00000000fc700000)
  to   space 58368K, 0% used [0x00000000fc700000,0x00000000fc700000,0x0000000100000000)
 ParOldGen       total 237568K, used 160517K [0x00000000c0000000, 0x00000000ce800000, 0x00000000eab00000)
  object space 237568K, 67% used [0x00000000c0000000,0x00000000c9cc1598,0x00000000ce800000)
 Metaspace       used 6733K, capacity 7384K, committed 7680K, reserved 1056768K
  class space    used 634K, capacity 656K, committed 768K, reserved 1048576K
Event: 68.190 GC heap after
Heap after GC invocations=19 (full 3):
 PSYoungGen      total 267264K, used 32201K [0x00000000eab00000, 0x0000000100000000, 0x0000000100000000)
  eden space 208896K, 0% used [0x00000000eab00000,0x00000000eab00000,0x00000000f7700000)
  from space 58368K, 55% used [0x00000000fc700000,0x00000000fe672608,0x0000000100000000)
  to   space 70144K, 0% used [0x00000000f7700000,0x00000000f7700000,0x00000000fbb80000)
 ParOldGen       total 237568K, used 217768K [0x00000000c0000000, 0x00000000ce800000, 0x00000000eab00000)
  object space 237568K, 91% used [0x00000000c0000000,0x00000000cd4aa0e8,0x00000000ce800000)
 Metaspace       used 6733K, capacity 7384K, committed 7680K, reserved 1056768K
  class space    used 634K, capacity 656K, committed 768K, reserved 1048576K
}
Event: 68.191 GC heap before
{Heap before GC invocations=20 (full 4):
 PSYoungGen      total 267264K, used 32201K [0x00000000eab00000, 0x0000000100000000, 0x0000000100000000)
  eden space 208896K, 0% used [0x00000000eab00000,0x00000000eab00000,0x00000000f7700000)
  from space 58368K, 55% used [0x00000000fc700000,0x00000000fe672608,0x0000000100000000)
  to   space 70144K, 0% used [0x00000000f7700000,0x00000000f7700000,0x00000000fbb80000)
 ParOldGen       total 237568K, used 217768K [0x00000000c0000000, 0x00000000ce800000, 0x00000000eab00000)
  object space 237568K, 91% used [0x00000000c0000000,0x00000000cd4aa0e8,0x00000000ce800000)
 Metaspace       used 6733K, capacity 7384K, committed 7680K, reserved 1056768K
  class space    used 634K, capacity 656K, committed 768K, reserved 1048576K
Event: 74.444 GC heap after
Heap after GC invocations=20 (full 4):
 PSYoungGen      total 267264K, used 6969K [0x00000000eab00000, 0x0000000100000000, 0x0000000100000000)
  eden space 208896K, 0% used [0x00000000eab00000,0x00000000eab00000,0x00000000f7700000)
  from space 58368K, 11% used [0x00000000fc700000,0x00000000fcdce4d0,0x0000000100000000)
  to   space 70144K, 0% used [0x00000000f7700000,0x00000000f7700000,0x00000000fbb80000)
 ParOldGen       total 357376K, used 237505K [0x00000000c0000000, 0x00000000d5d00000, 0x00000000eab00000)
  object space 357376K, 66% used [0x00000000c0000000,0x00000000ce7f07a8,0x00000000d5d00000)
 Metaspace       used 6733K, capacity 7384K, committed 7680K, reserved 1056768K
  class space    used 634K, capacity 656K, committed 768K, reserved 1048576K
}

